<?xml version="1.0" encoding="UTF-8"?>
<testng-results ignored="0" total="5" passed="5" failed="0" skipped="0">
  <reporter-output>
  </reporter-output>
  <suite started-at="2022-04-26T14:06:42 EEST" name="Default suite" finished-at="2022-04-26T14:07:18 EEST" duration-ms="35837">
    <groups>
    </groups>
    <test started-at="2022-04-26T14:06:42 EEST" name="Default test" finished-at="2022-04-26T14:07:18 EEST" duration-ms="35837">
      <class name="neha_test.Test2">
        <test-method is-config="true" signature="Login()[pri:0, instance:neha_test.Test2@d5b810e]" started-at="2022-04-26T14:06:40 EEST" name="Login" finished-at="2022-04-26T14:06:42 EEST" duration-ms="2869" status="PASS">
          <reporter-output>
          </reporter-output>
        </test-method> <!-- Login -->
        <test-method signature="gmailLogin()[pri:1, instance:neha_test.Test2@d5b810e]" started-at="2022-04-26T14:06:42 EEST" name="gmailLogin" finished-at="2022-04-26T14:06:50 EEST" duration-ms="7380" status="PASS">
          <reporter-output>
          </reporter-output>
        </test-method> <!-- gmailLogin -->
        <test-method signature="Registration()[pri:2, instance:neha_test.Test2@d5b810e]" started-at="2022-04-26T14:06:50 EEST" name="Registration" finished-at="2022-04-26T14:06:56 EEST" duration-ms="6025" status="PASS">
          <reporter-output>
          </reporter-output>
        </test-method> <!-- Registration -->
        <test-method signature="Login1()[pri:3, instance:neha_test.Test2@d5b810e]" started-at="2022-04-26T14:06:56 EEST" name="Login1" finished-at="2022-04-26T14:06:56 EEST" duration-ms="321" status="PASS">
          <reporter-output>
          </reporter-output>
        </test-method> <!-- Login1 -->
        <test-method signature="addbookstore()[pri:4, instance:neha_test.Test2@d5b810e]" started-at="2022-04-26T14:06:56 EEST" name="addbookstore" finished-at="2022-04-26T14:07:08 EEST" duration-ms="11960" status="PASS">
          <reporter-output>
          </reporter-output>
        </test-method> <!-- addbookstore -->
        <test-method signature="DeleteBook()[pri:5, instance:neha_test.Test2@d5b810e]" started-at="2022-04-26T14:07:08 EEST" name="DeleteBook" finished-at="2022-04-26T14:07:18 EEST" duration-ms="10094" status="PASS">
          <reporter-output>
          </reporter-output>
        </test-method> <!-- DeleteBook -->
      </class> <!-- neha_test.Test2 -->
    </test> <!-- Default test -->
  </suite> <!-- Default suite -->
</testng-results>
