<?xml version="1.0" encoding="UTF-8"?>
<!-- Generated by org.testng.reporters.JUnitXMLReporter -->
<testsuite ignored="0" hostname="LAPTOP-AO9LP0U3" failures="0" tests="5" name="Default test" time="35.837" errors="0" timestamp="2022-04-26T14:07:18 EEST">
  <testcase classname="neha_test.Test2" name="gmailLogin" time="7.38"/>
  <testcase classname="neha_test.Test2" name="Registration" time="6.025"/>
  <testcase classname="neha_test.Test2" name="Login1" time="0.321"/>
  <testcase classname="neha_test.Test2" name="addbookstore" time="11.96"/>
  <testcase classname="neha_test.Test2" name="DeleteBook" time="10.094"/>
</testsuite> <!-- Default test -->
